This is TeX, Version 3.141592 (MiKTeX 2.3) (preloaded format=latex 2000.11.28)  8 DEC 2003 10:45
**main.tex
(main.tex
LaTeX2e <2001/06/01>
Babel <v3.7h> and hyphenation patterns for english, loaded.
(ucscthesis.cls
Document Class: ucscthesis 1999/11/12 v3.0 pl5 Hacked University of California 
Thesis Class, Mike Gross
(ucsct11.clo)
\descriptionmargin=\dimen102
\c@part=\count79
\c@chapter=\count80
\c@section=\count81
\c@subsection=\count82
\c@subsubsection=\count83
\c@paragraph=\count84
\c@subparagraph=\count85
\abovecaptionskip=\skip41
\belowcaptionskip=\skip42
\c@figure=\count86
\c@table=\count87
) (C:\Program Files\texmf\tex\latex\amsfonts\amssymb.sty
Package: amssymb 2002/01/22 v2.2d

(C:\Program Files\texmf\tex\latex\amsfonts\amsfonts.sty
Package: amsfonts 2001/10/25 v2.2f
\@emptytoks=\toks14
\symAMSa=\mathgroup4
\symAMSb=\mathgroup5
LaTeX Font Info:    Overwriting math alphabet `\mathfrak' in version `bold'
(Font)                  U/euf/m/n --> U/euf/b/n on input line 132.
))
(C:\Program Files\texmf\tex\latex\graphics\epsfig.sty
Package: epsfig 1999/02/16 v1.7a (e)psfig emulation (SPQR)

(C:\Program Files\texmf\tex\latex\graphics\graphicx.sty
Package: graphicx 1999/02/16 v1.0f Enhanced LaTeX Graphics (DPC,SPQR)

(C:\Program Files\texmf\tex\latex\graphics\keyval.sty
Package: keyval 1999/03/16 v1.13 key=value parser (DPC)
\KV@toks@=\toks15
)
(C:\Program Files\texmf\tex\latex\graphics\graphics.sty
Package: graphics 2001/07/07 v1.0n Standard LaTeX Graphics (DPC,SPQR)

(C:\Program Files\texmf\tex\latex\graphics\trig.sty
Package: trig 1999/03/16 v1.09 sin cos tan (DPC)
)
(C:\Program Files\texmf\tex\latex\00miktex\graphics.cfg
File: graphics.cfg 2003/03/12 v1.1 MiKTeX 'graphics' configuration
)
Package graphics Info: Driver file: dvips.def on input line 80.

(C:\Program Files\texmf\tex\latex\graphics\dvips.def
File: dvips.def 1999/02/16 v3.0i Driver-dependant file (DPC,SPQR)
))
\Gin@req@height=\dimen103
\Gin@req@width=\dimen104
)
\epsfxsize=\dimen105
\epsfysize=\dimen106
)
(C:\Program Files\texmf\tex\latex\base\latexsym.sty
Package: latexsym 1998/08/17 v2.2e Standard LaTeX package (lasy symbols)
\symlasy=\mathgroup6
LaTeX Font Info:    Overwriting symbol font `lasy' in version `bold'
(Font)                  U/lasy/m/n --> U/lasy/b/n on input line 42.
)
(C:\Program Files\texmf\tex\generic\dvips\epsf.sty
This is `epsf.tex' v2.7 <25 October 1996>
\epsffilein=\read1
\epsfframemargin=\dimen107
\epsfframethickness=\dimen108
\epsfrsize=\dimen109
\epsftmp=\dimen110
\epsftsize=\dimen111
\epsfxsize=\dimen112
\epsfysize=\dimen113
\pspoints=\dimen114
) (C:\Program Files\texmf\tex\latex\tools\xspace.sty
Package: xspace 1997/10/13 v1.06 Space after command names (DPC)
) (comment.sty
\CommentStream=\write3

Excluding comment 'comment') (C:\Program Files\texmf\tex\latex\base\makeidx.sty
Package: makeidx 2000/03/29 v1.0m Standard LaTeX package
) (C:\Program Files\texmf\tex\latex\tools\multicol.sty
Package: multicol 2000/07/10 v1.5z multicolumn formatting (FMi)
\c@tracingmulticols=\count88
\mult@box=\box26
\multicol@leftmargin=\dimen115
\c@unbalance=\count89
\c@collectmore=\count90
\doublecol@number=\count91
\multicoltolerance=\count92
\multicolpretolerance=\count93
\full@width=\dimen116
\page@free=\dimen117
\premulticols=\dimen118
\postmulticols=\dimen119
\multicolsep=\skip43
\multicolbaselineskip=\skip44
\partial@page=\box27
\last@line=\box28
\mult@rightbox=\box29
\mult@grightbox=\box30
\mult@gfirstbox=\box31
\mult@firstbox=\box32
\@tempa=\box33
\@tempa=\box34
\@tempa=\box35
\@tempa=\box36
\@tempa=\box37
\@tempa=\box38
\@tempa=\box39
\@tempa=\box40
\@tempa=\box41
\@tempa=\box42
\@tempa=\box43
\@tempa=\box44
\@tempa=\box45
\@tempa=\box46
\@tempa=\box47
\@tempa=\box48
\@tempa=\box49
\c@columnbadness=\count94
\c@finalcolumnbadness=\count95
\last@try=\dimen120
\multicolovershoot=\dimen121
\multicolundershoot=\dimen122
\mult@nat@firstbox=\box50
\colbreak@box=\box51
) (luca.sty
\@stequation=\toks16
\c@@protheo=\count96
\c@@prodefi=\count97
\c@@proconstr=\count98
\c@@proalgo=\count99
\c@@procon=\count100
\c@@prorestr=\count101
\c@@prolem=\count102
\c@@procor=\count103
\c@@proprop=\count104
\c@@proassu=\count105
\c@@proprob=\count106
\c@@prolprob=\count107
\c@@proexe=\count108
\c@@proexa=\count109
\c@@pronota=\count110
\c@@prorego=\count111
\c@@proassert=\count112
) (vaibhav.sty) (ds.sty) (mocha.sty
\c@@theorem=\count113
\c@@lemma=\count114
\c@@fact=\count115
\c@@corollary=\count116
\c@@proposition=\count117
\c@@definition=\count118
\c@@example=\count119
)
\@indexfile=\write4

Writing index file main.idx
(main.aux)
LaTeX Font Info:    Checking defaults for OML/cmm/m/it on input line 48.
LaTeX Font Info:    ... okay on input line 48.
LaTeX Font Info:    Checking defaults for T1/cmr/m/n on input line 48.
LaTeX Font Info:    ... okay on input line 48.
LaTeX Font Info:    Checking defaults for OT1/cmr/m/n on input line 48.
LaTeX Font Info:    ... okay on input line 48.
LaTeX Font Info:    Checking defaults for OMS/cmsy/m/n on input line 48.
LaTeX Font Info:    ... okay on input line 48.
LaTeX Font Info:    Checking defaults for OMX/cmex/m/n on input line 48.
LaTeX Font Info:    ... okay on input line 48.
LaTeX Font Info:    Checking defaults for U/cmr/m/n on input line 48.
LaTeX Font Info:    ... okay on input line 48.


LaTeX Font Warning: Font shape `OT1/cmr/bx/sc' undefined
(Font)              using `OT1/cmr/bx/n' instead on input line 50.

LaTeX Font Info:    Try loading font information for U+msa on input line 50.
(C:\Program Files\texmf\tex\latex\amsfonts\umsa.fd
File: umsa.fd 2002/01/19 v2.2g AMS font definitions
)
LaTeX Font Info:    Try loading font information for U+msb on input line 50.

(C:\Program Files\texmf\tex\latex\amsfonts\umsb.fd
File: umsb.fd 2002/01/19 v2.2g AMS font definitions
)
LaTeX Font Info:    Try loading font information for U+lasy on input line 50.

(C:\Program Files\texmf\tex\latex\base\ulasy.fd
File: ulasy.fd 1998/08/17 v2.2e LaTeX symbol font definitions
)
Underfull \hbox (badness 10000) in paragraph at lines 50--50

 []

[1

]
LaTeX Font Info:    Try loading font information for OMS+cmr on input line 51.
 (C:\Program Files\texmf\tex\latex\base\omscmr.fd
File: omscmr.fd 1999/05/25 v2.5h Standard LaTeX font definitions
)
LaTeX Font Info:    Font shape `OMS/cmr/m/n' in size <12> not available
(Font)              Font shape `OMS/cmsy/m/n' tried instead on input line 51.
 [2] (main.toc [3

])
\tf@toc=\write5

[4] (main.lof)
\tf@lof=\write6
 [5


] (main.lot)
\tf@lot=\write7
 [6


] (ack.tex) [7

] (intro.tex
Chapter 1.
[1


]
Overfull \hbox (60.11896pt too wide) in paragraph at lines 63--67
[][]\OT1/cmr/m/n/10.95 The in-put lan-guage of [] for in-ter-faces is []. []
 []

[2]) (interfaces.tex [3]
Chapter 2.
(egs/counter.intf
Overfull \hbox (16.42326pt too wide) in paragraph at lines 33--33
[]  \OT1/cmtt/m/n/10.95 input  vars: cl:     bool;[] 
 []


Overfull \hbox (16.42326pt too wide) in paragraph at lines 33--33
[]  \OT1/cmtt/m/n/10.95 output vars: q0, q1: bool;[] 
 []


Overfull \hbox (16.42326pt too wide) in paragraph at lines 33--33
[]      \OT1/cmtt/m/n/10.95 [] true -> cl :=nondet[] 
 []


Overfull \hbox (16.42326pt too wide) in paragraph at lines 33--33
[]      \OT1/cmtt/m/n/10.95 [] true -> cl':=nondet[] 
 []


Overfull \hbox (27.92064pt too wide) in paragraph at lines 33--33
[]      \OT1/cmtt/m/n/10.95 [] true -> q0:=1; q1:=1;[] 
 []


Overfull \hbox (22.17195pt too wide) in paragraph at lines 33--33
[]      \OT1/cmtt/m/n/10.95 []  cl             -> \[] 
 []


Overfull \hbox (27.92064pt too wide) in paragraph at lines 33--33
[]                \OT1/cmtt/m/n/10.95 q1':=1; q0':=1[] 
 []


Overfull \hbox (22.17195pt too wide) in paragraph at lines 33--33
[]      \OT1/cmtt/m/n/10.95 [] ~cl &  q1 &  q0 -> \[] 
 []


Overfull \hbox (27.92064pt too wide) in paragraph at lines 33--33
[]                \OT1/cmtt/m/n/10.95 q1':=1; q0':=0[] 
 []


Overfull \hbox (22.17195pt too wide) in paragraph at lines 33--33
[]      \OT1/cmtt/m/n/10.95 [] ~cl &  q1 & ~q0 -> \[] 
 []


Overfull \hbox (27.92064pt too wide) in paragraph at lines 33--33
[]                \OT1/cmtt/m/n/10.95 q1':=0; q0':=1[] 
 []


Overfull \hbox (22.17195pt too wide) in paragraph at lines 33--33
[]      \OT1/cmtt/m/n/10.95 [] ~cl & ~q1 &  q0 -> \[] 
 []


Overfull \hbox (27.92064pt too wide) in paragraph at lines 33--33
[]                \OT1/cmtt/m/n/10.95 q1':=0; q0':=0[] 
 []


Overfull \hbox (22.17195pt too wide) in paragraph at lines 33--33
[]      \OT1/cmtt/m/n/10.95 [] ~cl & ~q1 & ~q0 -> \[] 
 []


Overfull \hbox (27.92064pt too wide) in paragraph at lines 33--33
[]                \OT1/cmtt/m/n/10.95 q1':=1; q0':=1[] 
 []

) (egs/adder.intf
Overfull \hbox (27.92064pt too wide) in paragraph at lines 29--29
[]  \OT1/cmtt/m/n/10.95 input  vars: q0, q1: bool; \[] 
 []


Overfull \hbox (4.92589pt too wide) in paragraph at lines 29--29
[]                \OT1/cmtt/m/n/10.95 i: [0..7];[] 
 []


Overfull \hbox (4.92589pt too wide) in paragraph at lines 29--29
[]  \OT1/cmtt/m/n/10.95 output vars:  o: [0..7];[] 
 []


Overfull \hbox (10.67458pt too wide) in paragraph at lines 29--29
[]      \OT1/cmtt/m/n/10.95 [] true -> do:=nondet[] 
 []


Overfull \hbox (27.92064pt too wide) in paragraph at lines 29--29
[]      \OT1/cmtt/m/n/10.95 []  q0 &  q1 -> do':=di'[] 
 []


Overfull \hbox (39.41801pt too wide) in paragraph at lines 29--29
[]      \OT1/cmtt/m/n/10.95 [] ~q0 &  q1 -> do':=di'+1[] 
 []


Overfull \hbox (39.41801pt too wide) in paragraph at lines 29--29
[]      \OT1/cmtt/m/n/10.95 []  q0 & ~q1 -> do':=di'-1[] 
 []

) [4

]
Overfull \hbox (42.76419pt too wide) in paragraph at lines 53--55
[][]\OT1/cmr/m/n/10.95 This sec-tion is mod-elled af-ter [[]]. In or-der to for
-mally de-fine []
 []

[5] [6] [7]
Overfull \hbox (44.38943pt too wide) in paragraph at lines 155--159
[][] \OT1/cmr/bx/sc/10.95 (In-ter-face Mod-ules)  \OT1/cmr/m/it/10.95 An \OT1/c
mr/m/n/10.95 In-ter-face Mod-ule $\OML/cmm/m/it/10.95 M \OT1/cmr/m/n/10.95 = \O
MS/cmsy/m/n/10.95 h\OML/cmm/m/it/10.95 V[]; V[]; V[]; []; []; []; []\OMS/cm
sy/m/n/10.95 i$
 []

[8] [9] [10] [11] [12]
Overfull \hbox (5.0522pt too wide) in paragraph at lines 377--397
[][]\OT1/cmr/m/n/10.95 To com-pute $\OML/cmm/m/it/10.95 M\OMS/cmsy/m/n/10.95 k\
OML/cmm/m/it/10.95 N$\OT1/cmr/m/n/10.95 , we con-sider a game be-tween In-put a
nd Out-put [[]].
 []

[13]) (chai.tex [14] [15]
Chapter 3.
[16

]
Overfull \hbox (4.36304pt too wide) in paragraph at lines 53--58
[][]\OT1/cmr/bx/sc/10.95 Requirement ver-i-fi-ca-tion \OT1/cmr/m/n/10.95 by ATL
 model check-ing. The sym-bolic model checker
 []

[17] [18] [19]
File: figs/downcounter.eps Graphic file (type eps)
 <figs/downcounter.eps> (egs/downcounter.intf)

LaTeX Warning: `h' float specifier changed to `ht'.

[20] [21] (egs/gate.intf
Overfull \hbox (4.10309pt too wide) in paragraph at lines 26--26
[]      \OT1/cmtt/m/n/10.95 []  ~x0 & ~x1 -> x0' := false;  x1' := nondet[] 
 []


Overfull \hbox (4.10309pt too wide) in paragraph at lines 26--26
[]      \OT1/cmtt/m/n/10.95 []  ~x0 & ~x1 -> x1' := false;  x0' := nondet[] 
 []


Overfull \hbox (4.10309pt too wide) in paragraph at lines 26--26
[]      \OT1/cmtt/m/n/10.95 []   x0 |  x1 -> x0' := nondet; x1' := nondet[] 
 []

) [22] [23] [24] [25] [26] [27] [28]) (mv2rm.tex [29]
Chapter 4.
File: figs/hdl2intf.eps Graphic file (type eps)
<figs/hdl2intf.eps> [30

] [31]
File: figs/car.eps Graphic file (type eps)
 <figs/car.eps> [32]
File: figs/modelLights.eps Graphic file (type eps)
 <figs/modelLights.eps>
Overfull \hbox (95.11424pt too wide) in paragraph at lines 74--78
 [][][] 
 []


LaTeX Warning: Float too large for page by 15.72527pt on input line 80.

File: figs/mv2rmarch.eps Graphic file (type eps)
<figs/mv2rmarch.eps>

LaTeX Warning: `h' float specifier changed to `ht'.

[33] [34] [35]
LaTeX Font Info:    Font shape `OMS/cmr/m/n' in size <10.95> not available
(Font)              Font shape `OMS/cmsy/m/n' tried instead on input line 171.
 [36] (egs/table.mv
Overfull \hbox (16.42326pt too wide) in paragraph at lines 9--9
[]        \OT1/cmtt/m/n/10.95 Button -> NextSignal[] 
 []

) (egs/table.rm
Overfull \hbox (45.1667pt too wide) in paragraph at lines 12--12
[]   \OT1/cmtt/m/n/10.95 awaits  PresentSignal , Button[] 
 []


Overfull \hbox (27.92064pt too wide) in paragraph at lines 12--12
[]     \OT1/cmtt/m/n/10.95 []  PresentSignal' = 1  &[] 
 []


Overfull \hbox (73.91014pt too wide) in paragraph at lines 12--12
[]       \OT1/cmtt/m/n/10.95 Button' = 1  -> NextSignal':= 0[] 
 []


Overfull \hbox (45.1667pt too wide) in paragraph at lines 12--12
[]     \OT1/cmtt/m/n/10.95 [] default -> NextSignal':=1[] 
 []

) [37] (egs/latch.mv) (egs/latch.rm
Overfull \hbox (39.41801pt too wide) in paragraph at lines 13--13
[]     \OT1/cmtt/m/n/10.95 []  true  -> CarSignal':= 1[] 
 []


Overfull \hbox (39.41801pt too wide) in paragraph at lines 13--13
[]     \OT1/cmtt/m/n/10.95 []  true  -> CarSignal':= 0[] 
 []


Overfull \hbox (45.1667pt too wide) in paragraph at lines 13--13
[]     \OT1/cmtt/m/n/10.95 []  true ->  CarSignal':=Tmp[] 
 []

) [38] [39] (egs/model.mv
Overfull \hbox (16.42326pt too wide) in paragraph at lines 12--12
[]\OT1/cmtt/m/n/10.95 .inputs PresentSignal Button[] 
 []

) (egs/model.rm
Overfull \hbox (10.67458pt too wide) in paragraph at lines 21--21
[]    \OT1/cmtt/m/n/10.95 PresentSignal: (0..1) ;[] 
 []


Overfull \hbox (45.1667pt too wide) in paragraph at lines 21--21
[]   \OT1/cmtt/m/n/10.95 awaits  PresentSignal , Button[] 
 []


Overfull \hbox (39.41801pt too wide) in paragraph at lines 21--21
[]     \OT1/cmtt/m/n/10.95 []  PresentSignal' = 1  & \[] 
 []


Overfull \hbox (62.41277pt too wide) in paragraph at lines 21--21
[]     \OT1/cmtt/m/n/10.95 Button' = 1  -> NextSignal':= 0[] 
 []


Overfull \hbox (45.1667pt too wide) in paragraph at lines 21--21
[]     \OT1/cmtt/m/n/10.95 [] default -> NextSignal':=1[] 
 []


Overfull \hbox (27.92064pt too wide) in paragraph at lines 21--21
[] \OT1/cmtt/m/n/10.95 ControlLogic:= a_ControlLogic[] 
 []

)
Overfull \hbox (16.75139pt too wide) in paragraph at lines 383--386
\OT1/cmtt/m/n/10.95 .subckt \OT1/cmr/m/n/10.95 con-struct. It is the con-truct 
which en-ables hi-er-ar-chi-cal com-po-si-tion in []. 
 []

[40]
Overfull \hbox (34.5674pt too wide) in paragraph at lines 405--409
[][]\OT1/cmr/m/n/10.95 The \OT1/cmtt/m/n/10.95 .subckt \OT1/cmr/m/n/10.95 con-s
truct is re-placed by com-po-si-tion con-struct of [].
 []

[41] (egs/subckt.mv
Overfull \hbox (22.17195pt too wide) in paragraph at lines 7--7
[]    \OT1/cmtt/m/n/10.95 PresentSignal=CarSignal \[] 
 []


Overfull \hbox (39.41801pt too wide) in paragraph at lines 7--7
[]    \OT1/cmtt/m/n/10.95 Button=Button NextSignal=Tmp[] 
 []

) (egs/subckt.rm
Overfull \hbox (22.17195pt too wide) in paragraph at lines 10--10
[][]\OT1/cmtt/m/n/10.95 ControlLogic:= a_ControlLogic[] 
 []


Overfull \hbox (102.65358pt too wide) in paragraph at lines 10--10
[]    \OT1/cmtt/m/n/10.95 [ PresentSignal , Button , NextSignal \[] 
 []


Overfull \hbox (50.91539pt too wide) in paragraph at lines 10--10
[]    \OT1/cmtt/m/n/10.95 := CarSignal , Button , Tmp  ][] 
 []


Overfull \hbox (85.40752pt too wide) in paragraph at lines 10--10
[]\OT1/cmtt/m/n/10.95 Lights := hide  Tmp  in b_Lights endhide[] 
 []

) [42] (egs/counterI.rm
Overfull \hbox (33.66933pt too wide) in paragraph at lines 15--15
[]  \OT1/cmtt/m/n/10.95 external  x0: bool; x1: bool;[] 
 []


Overfull \hbox (50.91539pt too wide) in paragraph at lines 15--15
[]       \OT1/cmtt/m/n/10.95 [] true -> toone' := nondet[] 
 []


Overfull \hbox (50.91539pt too wide) in paragraph at lines 15--15
[]       \OT1/cmtt/m/n/10.95 [] true -> toone' := nondet[] 
 []

) (egs/counterO.rm
Overfull \hbox (33.66933pt too wide) in paragraph at lines 24--24
[]  \OT1/cmtt/m/n/10.95 interface x0: bool; x1: bool;[] 
 []


Overfull \hbox (85.40752pt too wide) in paragraph at lines 24--24
[]\OT1/cmtt/m/n/10.95 atom controls x0, x1 reads x0, x1, toone[] 
 []


Overfull \hbox (102.65358pt too wide) in paragraph at lines 24--24
[]       \OT1/cmtt/m/n/10.95 [] true -> x0' := true; x1' := true;[] 
 []


Overfull \hbox (45.1667pt too wide) in paragraph at lines 24--24
[]       \OT1/cmtt/m/n/10.95 []  toone             -> \[] 
 []


Overfull \hbox (96.90489pt too wide) in paragraph at lines 24--24
[]                 \OT1/cmtt/m/n/10.95 x1' := true;  x0' := true[] 
 []


Overfull \hbox (45.1667pt too wide) in paragraph at lines 24--24
[]       \OT1/cmtt/m/n/10.95 [] ~toone &  x1 &  x0 -> \[] 
 []


Overfull \hbox (96.90489pt too wide) in paragraph at lines 24--24
[]                \OT1/cmtt/m/n/10.95 x1' := true;  x0' := false[] 
 []


Overfull \hbox (45.1667pt too wide) in paragraph at lines 24--24
[]       \OT1/cmtt/m/n/10.95 [] ~toone &  x1 & ~x0 -> \[] 
 []


Overfull \hbox (91.1562pt too wide) in paragraph at lines 24--24
[]                \OT1/cmtt/m/n/10.95 x1' := false; x0' := true[] 
 []


Overfull \hbox (45.1667pt too wide) in paragraph at lines 24--24
[]       \OT1/cmtt/m/n/10.95 [] ~toone & ~x1 &  x0 -> \[] 
 []


Overfull \hbox (96.90489pt too wide) in paragraph at lines 24--24
[]                \OT1/cmtt/m/n/10.95 x1' := false; x0' := false[] 
 []


Overfull \hbox (45.1667pt too wide) in paragraph at lines 24--24
[]       \OT1/cmtt/m/n/10.95 [] ~toone & ~x1 & ~x0 -> \[] 
 []


Overfull \hbox (91.1562pt too wide) in paragraph at lines 24--24
[]                \OT1/cmtt/m/n/10.95 x1' := true;  x0' := true[] 
 []

) (egs/counterIO.intf)) (conclusion.tex [43] [44]
Chapter 5.
[45

]) (mvbnf.tex [46]
Appendix A.
(egs/mv2rm-1.tex
Overfull \hbox (4.92589pt too wide) in paragraph at lines 28--28
[]    \OT1/cmtt/m/n/10.95 TokModel TokVar TokEOL[] 
 []

) (egs/mv2rm-2.tex
Overfull \hbox (10.67458pt too wide) in paragraph at lines 29--29
[]      \OT1/cmtt/m/n/10.95 TokMV mvvars TokVal \[] 
 []

) [47

] (egs/mv2rm-3.tex
Overfull \hbox (22.17195pt too wide) in paragraph at lines 39--39
[]      \OT1/cmtt/m/n/10.95 TokInputs iovals TokEOL[] 
 []


Overfull \hbox (10.67458pt too wide) in paragraph at lines 39--39
[]    \OT1/cmtt/m/n/10.95 TokInputs iovals TokEOL[] 
 []


Overfull \hbox (22.17195pt too wide) in paragraph at lines 39--39
[]      \OT1/cmtt/m/n/10.95 TokSubckt TokVar TokVar[] 
 []


Overfull \hbox (16.42326pt too wide) in paragraph at lines 39--39
[]        \OT1/cmtt/m/n/10.95 param_passing TokEOL[] 
 []


Overfull \hbox (33.66933pt too wide) in paragraph at lines 39--39
[]    \OT1/cmtt/m/n/10.95 formal_actual param_passing[] 
 []


Overfull \hbox (4.92589pt too wide) in paragraph at lines 39--39
[]      \OT1/cmtt/m/n/10.95 TokVar ASSIGN TokVar[] 
 []


Overfull \hbox (16.42326pt too wide) in paragraph at lines 39--39
[]      \OT1/cmtt/m/n/10.95 TokLatch TokVar TokVar[] 
 []


Overfull \hbox (4.92589pt too wide) in paragraph at lines 39--39
[]                    \OT1/cmtt/m/n/10.95 TokEOL[] 
 []


Overfull \hbox (4.92589pt too wide) in paragraph at lines 39--39
[]      \OT1/cmtt/m/n/10.95 inList ARROW outList[] 
 []

) (egs/mv2rm-4.tex
Overfull \hbox (4.92589pt too wide) in paragraph at lines 42--42
[]  \OT1/cmtt/m/n/10.95 TokTabDef valList TokEOL[] 
 []


Overfull \hbox (10.67458pt too wide) in paragraph at lines 42--42
[]  \OT1/cmtt/m/n/10.95 | LBRACE TokTabVal HYPHEN[] 
 []


Overfull \hbox (4.92589pt too wide) in paragraph at lines 42--42
[]      \OT1/cmtt/m/n/10.95 TokTabVal COMMA vals[] 
 []

)) (intfbnf.tex [48

]
Appendix B.
) (main.bbl [49

] [50

]
Underfull \hbox (badness 3679) in paragraph at lines 76--79
[][]\OT1/cmr/m/n/10.95 L. de Al-faro.  UC Santa Cruz De-sign and Ver-i-fi-ca-ti
on Lab.
 []


Underfull \hbox (badness 10000) in paragraph at lines 86--89
[][]\OT1/cmr/m/n/10.95 F. X. Fornari.  SSCBLIF-Esterel BLIF code pro-ducer.
 []

) [51] (main.aux)

LaTeX Font Warning: Some font shapes were not available, defaults substituted.

 ) 
Here is how much of TeX's memory you used:
 2477 strings out of 96071
 22316 string characters out of 1197129
 75728 words of memory out of 1073380
 5077 multiletter control sequences out of 35000
 16942 words of font info for 70 fonts, out of 500000 for 1000
 14 hyphenation exceptions out of 607
 32i,8n,24p,263b,416s stack positions out of 1500i,500n,5000p,200000b,32768s

Output written on main.dvi (58 pages, 128336 bytes).
