This is TeX, Version 3.14159 (Web2C 7.3.1) (format=latex 2002.4.12)  17 JUN 2003 15:13
**main
(main.tex
LaTeX2e <2000/06/01>
Babel <v3.7h> and hyphenation patterns for american, french, german, ngerman, i
talian, nohyphenation, loaded.
(/usr/share/texmf/tex/latex/base/report.cls
Document Class: report 2000/05/19 v1.4b Standard LaTeX document class
(/usr/share/texmf/tex/latex/base/size11.clo
File: size11.clo 2000/05/19 v1.4b Standard LaTeX file (size option)
)
\c@part=\count79
\c@chapter=\count80
\c@section=\count81
\c@subsection=\count82
\c@subsubsection=\count83
\c@paragraph=\count84
\c@subparagraph=\count85
\c@figure=\count86
\c@table=\count87
\abovecaptionskip=\skip41
\belowcaptionskip=\skip42
\bibindent=\dimen102
)
(/usr/share/texmf/tex/latex/amsfonts/amssymb.sty
Package: amssymb 1996/11/03 v2.2b

(/usr/share/texmf/tex/latex/amsfonts/amsfonts.sty
Package: amsfonts 1997/09/17 v2.2e
\@emptytoks=\toks14
\symAMSa=\mathgroup4
\symAMSb=\mathgroup5
LaTeX Font Info:    Overwriting math alphabet `\mathfrak' in version `bold'
(Font)                  U/euf/m/n --> U/euf/b/n on input line 133.
))
(/usr/share/texmf/tex/latex/graphics/epsfig.sty
Package: epsfig 1999/02/16 v1.7a (e)psfig emulation (SPQR)

(/usr/share/texmf/tex/latex/graphics/graphicx.sty
Package: graphicx 1999/02/16 v1.0f Enhanced LaTeX Graphics (DPC,SPQR)

(/usr/share/texmf/tex/latex/graphics/keyval.sty
Package: keyval 1999/03/16 v1.13 key=value parser (DPC)
\KV@toks@=\toks15
)
(/usr/share/texmf/tex/latex/graphics/graphics.sty
Package: graphics 1999/02/16 v1.0l Standard LaTeX Graphics (DPC,SPQR)

(/usr/share/texmf/tex/latex/graphics/trig.sty
Package: trig 1999/03/16 v1.09 sin cos tan (DPC)
)
(/usr/share/texmf/tex/latex/config/graphics.cfg)
Package graphics Info: Driver file: dvips.def on input line 80.

(/usr/share/texmf/tex/latex/graphics/dvips.def
File: dvips.def 1999/02/16 v3.0i Driver-dependant file (DPC,SPQR)
))
\Gin@req@height=\dimen103
\Gin@req@width=\dimen104
)
\epsfxsize=\dimen105
\epsfysize=\dimen106
)
(/usr/share/texmf/tex/latex/base/latexsym.sty
Package: latexsym 1998/08/17 v2.2e Standard LaTeX package (lasy symbols)
\symlasy=\mathgroup6
LaTeX Font Info:    Overwriting symbol font `lasy' in version `bold'
(Font)                  U/lasy/m/n --> U/lasy/b/n on input line 42.
)
(/usr/share/texmf/tex/plain/dvips/epsf.tex
This is `epsf.tex' v2.7k <10 July 1997>
\epsffilein=\read1
\epsfframemargin=\dimen107
\epsfframethickness=\dimen108
\epsfrsize=\dimen109
\epsftmp=\dimen110
\epsftsize=\dimen111
\epsfxsize=\dimen112
\epsfysize=\dimen113
\pspoints=\dimen114
\epsfnoopenhelp=\toks16
) (/usr/share/texmf/tex/latex/tools/xspace.sty
Package: xspace 1997/10/13 v1.06 Space after command names (DPC)
)
(/usr/share/texmf/tex/latex/misc/comment.sty
\CommentStream=\write3
 Excluding comment 'comment')
(/usr/share/texmf/tex/latex/base/makeidx.sty
Package: makeidx 2000/03/29 v1.0m Standard LaTeX package
)
\@indexfile=\write4
\openout4 = `main.idx'.


Writing index file main.idx
\c@@theorem=\count88
\c@@lemma=\count89
\c@@fact=\count90
\c@@corollary=\count91
\c@@proposition=\count92
\c@@definition=\count93
\c@@example=\count94
(main.aux)
\openout1 = `main.aux'.

LaTeX Font Info:    Checking defaults for OML/cmm/m/it on input line 663.
LaTeX Font Info:    ... okay on input line 663.
LaTeX Font Info:    Checking defaults for T1/cmr/m/n on input line 663.
LaTeX Font Info:    ... okay on input line 663.
LaTeX Font Info:    Checking defaults for OT1/cmr/m/n on input line 663.
LaTeX Font Info:    ... okay on input line 663.
LaTeX Font Info:    Checking defaults for OMS/cmsy/m/n on input line 663.
LaTeX Font Info:    ... okay on input line 663.
LaTeX Font Info:    Checking defaults for OMX/cmex/m/n on input line 663.
LaTeX Font Info:    ... okay on input line 663.
LaTeX Font Info:    Checking defaults for U/cmr/m/n on input line 663.
LaTeX Font Info:    ... okay on input line 663.
LaTeX Font Info:    Try loading font information for U+msa on input line 664.
 (/usr/share/texmf/tex/latex/amsfonts/umsa.fd
File: umsa.fd 1995/01/05 v2.2e AMS font definitions
)
LaTeX Font Info:    Try loading font information for U+msb on input line 664.

(/usr/share/texmf/tex/latex/amsfonts/umsb.fd
File: umsb.fd 1995/01/05 v2.2e AMS font definitions
)
LaTeX Font Info:    Try loading font information for U+lasy on input line 664.

(/usr/share/texmf/tex/latex/base/ulasy.fd
File: ulasy.fd 1998/08/17 v2.2eLaTeX symbol font definitions
)
LaTeX Font Info:    Try loading font information for OMS+cmtt on input line 664
.
LaTeX Font Info:    No file OMScmtt.fd. on input line 664.


LaTeX Font Warning: Font shape `OMS/cmtt/m/n' undefined
(Font)              using `OMS/cmsy/m/n' instead
(Font)              for symbol `textbraceleft' on input line 664.


Overfull \hbox (27.03665pt too wide) in paragraph at lines 664--664
 [][] 
 []

[1

] (main.toc)
\tf@toc=\write5
\openout5 = `main.toc'.

 [1

] (main.lof)
\tf@lof=\write6
\openout6 = `main.lof'.

 [2

] (main.lot)
\tf@lot=\write7
\openout7 = `main.lot'.

 (intro.tex [3

]
Chapter 1.

LaTeX Warning: Citation `BHS96' on page 4 undefined on input line 7.


LaTeX Warning: Citation `tix-http' on page 4 undefined on input line 9.

) [4

]
Chapter 2.
(tut.tex

LaTeX Warning: Reference `fig:countercell_ckt' on page 5 undefined on input lin
e 33.


LaTeX Warning: Reference `fig:countercell_ckt' on page 5 undefined on input lin
e 38.


LaTeX Warning: Reference `fig:countercell_ckt' on page 5 undefined on input lin
e 49.

[5

]

LaTeX Warning: Reference `fig:3bit_ckt' on page 6 undefined on input line 53.

[6]

LaTeX Warning: Reference `fig:3bit_ckt' on page 7 undefined on input line 193.

[7]
Overfull \hbox (9.81825pt too wide) in paragraph at lines 201--201
[]\OT1/cmtt/m/n/10.95 threebitcounter := hide out0, out1 in (cell0 || cell1 || 
cell2) endhide[] 
 []


Overfull \hbox (9.81825pt too wide) in paragraph at lines 221--221
[]\OT1/cmtt/m/n/10.95 threebitcounter := hide out0, out1 in (cell1 || cell0 || 
cell2) endhide[] 
 []

[8]
Overfull \hbox (4.49922pt too wide) in paragraph at lines 275--281
\OT1/cmr/m/n/10.95 de-sign a mod-ule that will serve as the in-put to the three
-bit-counter \OT1/cmtt/m/n/10.95 threebitcounter
 []

[9] [10] [11] [12] [13] [14]

LaTeX Warning: Citation `ChandyMisra88' on page 15 undefined on input line 580.



LaTeX Warning: Citation `Dill96' on page 15 undefined on input line 580.


Underfull \hbox (badness 10000) in paragraph at lines 596--601

 []


Underfull \hbox (badness 10000) in paragraph at lines 602--605

 []


Underfull \hbox (badness 10000) in paragraph at lines 606--610

 []


Underfull \hbox (badness 10000) in paragraph at lines 611--614

 []


Underfull \hbox (badness 10000) in paragraph at lines 615--617

 []


Underfull \hbox (badness 10000) in paragraph at lines 618--621

 []

[15]
Underfull \hbox (badness 10000) in paragraph at lines 622--624

 []


Underfull \hbox (badness 10000) in paragraph at lines 625--628

 []


Overfull \hbox (1.08894pt too wide) in paragraph at lines 640--657
[][] 
 []


Underfull \hbox (badness 10000) in paragraph at lines 640--657

 []


Underfull \hbox (badness 10000) in paragraph at lines 640--657

 []


Underfull \hbox (badness 10000) in paragraph at lines 658--679

 []

) (main.ind) [16] [17] (main.aux)

LaTeX Font Warning: Some font shapes were not available, defaults substituted.


LaTeX Warning: There were undefined references.

 ) 
Here is how much of TeX's memory you used:
 1633 strings out of 20887
 15604 string characters out of 196274
 64422 words of memory out of 350001
 4564 multiletter control sequences out of 10000+15000
 18344 words of font info for 76 fonts, out of 400000 for 1000
 14 hyphenation exceptions out of 10000
 32i,9n,24p,219b,357s stack positions out of 3000i,100n,1500p,50000b,4000s

Output written on main.dvi (18 pages, 42660 bytes).
