This is TeX, Version 3.141592 (MiKTeX 2.3) (preloaded format=latex 2000.11.28)  15 OCT 2003 19:52
**2page.tex
(2page.tex
LaTeX2e <2001/06/01>
Babel <v3.7h> and hyphenation patterns for english, loaded.
(C:\Program Files\texmf\tex\latex\base\article.cls
Document Class: article 2001/04/21 v1.4e Standard LaTeX document class
(C:\Program Files\texmf\tex\latex\base\size10.clo
File: size10.clo 2001/04/21 v1.4e Standard LaTeX file (size option)
)
\c@part=\count79
\c@section=\count80
\c@subsection=\count81
\c@subsubsection=\count82
\c@paragraph=\count83
\c@subparagraph=\count84
\c@figure=\count85
\c@table=\count86
\abovecaptionskip=\skip41
\belowcaptionskip=\skip42
\bibindent=\dimen102
)
(C:\Program Files\texmf\tex\latex\base\latexsym.sty
Package: latexsym 1998/08/17 v2.2e Standard LaTeX package (lasy symbols)
\symlasy=\mathgroup4
LaTeX Font Info:    Overwriting symbol font `lasy' in version `bold'
(Font)                  U/lasy/m/n --> U/lasy/b/n on input line 42.
)
(C:\Program Files\texmf\tex\latex\psnfss\times.sty
Package: times 2003/03/02 PSNFSS-v9.0c (SPQR) 
)
(C:\Program Files\texmf\tex\latex\graphics\graphicx.sty
Package: graphicx 1999/02/16 v1.0f Enhanced LaTeX Graphics (DPC,SPQR)

(C:\Program Files\texmf\tex\latex\graphics\keyval.sty
Package: keyval 1999/03/16 v1.13 key=value parser (DPC)
\KV@toks@=\toks14
)
(C:\Program Files\texmf\tex\latex\graphics\graphics.sty
Package: graphics 2001/07/07 v1.0n Standard LaTeX Graphics (DPC,SPQR)

(C:\Program Files\texmf\tex\latex\graphics\trig.sty
Package: trig 1999/03/16 v1.09 sin cos tan (DPC)
)
(C:\Program Files\texmf\tex\latex\00miktex\graphics.cfg
File: graphics.cfg 2003/03/12 v1.1 MiKTeX 'graphics' configuration
)
Package graphics Info: Driver file: dvips.def on input line 80.

(C:\Program Files\texmf\tex\latex\graphics\dvips.def
File: dvips.def 1999/02/16 v3.0i Driver-dependant file (DPC,SPQR)
))
\Gin@req@height=\dimen103
\Gin@req@width=\dimen104
)
(C:\Program Files\texmf\tex\latex\graphics\epsfig.sty
Package: epsfig 1999/02/16 v1.7a (e)psfig emulation (SPQR)
\epsfxsize=\dimen105
\epsfysize=\dimen106
)

! LaTeX Error: File `icse2001.sty' not found.

Type X to quit or <RETURN> to proceed,
or enter new name. (Default extension: sty)

Enter file name: 
No file 2page.aux.
LaTeX Font Info:    Checking defaults for OML/cmm/m/it on input line 20.
LaTeX Font Info:    ... okay on input line 20.
LaTeX Font Info:    Checking defaults for T1/cmr/m/n on input line 20.
LaTeX Font Info:    ... okay on input line 20.
LaTeX Font Info:    Checking defaults for OT1/cmr/m/n on input line 20.
LaTeX Font Info:    ... okay on input line 20.
LaTeX Font Info:    Checking defaults for OMS/cmsy/m/n on input line 20.
LaTeX Font Info:    ... okay on input line 20.
LaTeX Font Info:    Checking defaults for OMX/cmex/m/n on input line 20.
LaTeX Font Info:    ... okay on input line 20.
LaTeX Font Info:    Checking defaults for U/cmr/m/n on input line 20.
LaTeX Font Info:    ... okay on input line 20.
LaTeX Font Info:    Try loading font information for OT1+ptm on input line 20.
(C:\Program Files\texmf\tex\latex\psnfss\ot1ptm.fd
File: ot1ptm.fd 2001/06/04 font definitions for OT1/ptm.
)
LaTeX Font Info:    External font `cmex10' loaded for size
(Font)              <12> on input line 43.
LaTeX Font Info:    External font `cmex10' loaded for size
(Font)              <8> on input line 43.
LaTeX Font Info:    External font `cmex10' loaded for size
(Font)              <6> on input line 43.
LaTeX Font Info:    Try loading font information for U+lasy on input line 43.

(C:\Program Files\texmf\tex\latex\base\ulasy.fd
File: ulasy.fd 1998/08/17 v2.2e LaTeX symbol font definitions
)
! Undefined control sequence.
<argument> ...re \begin {center} {\authornamefont 
                                                  \normalsize R. Alur$^\dag ...
l.43 \maketitle
               
? 
LaTeX Font Info:    External font `cmex10' loaded for size
(Font)              <7> on input line 43.
LaTeX Font Info:    External font `cmex10' loaded for size
(Font)              <5> on input line 43.
LaTeX Font Info:    External font `cmex10' loaded for size
(Font)              <9> on input line 43.
LaTeX Font Info:    Font shape `OT1/ptm/bx/n' in size <14.4> not available
(Font)              Font shape `OT1/ptm/b/n' tried instead on input line 51.
LaTeX Font Info:    Font shape `OT1/ptm/bx/n' in size <10> not available
(Font)              Font shape `OT1/ptm/b/n' tried instead on input line 57.

LaTeX Warning: Citation `COP99' on page 1 undefined on input line 57.


LaTeX Warning: Citation `spin' on page 1 undefined on input line 57.


LaTeX Warning: Citation `Bandera' on page 1 undefined on input line 57.


LaTeX Warning: Citation `Modules' on page 1 undefined on input line 75.


LaTeX Warning: Citation `VIS96' on page 1 undefined on input line 90.


LaTeX Warning: Citation `HQR98' on page 1 undefined on input line 133.


LaTeX Warning: Citation `Mocha98' on page 1 undefined on input line 158.


Underfull \vbox (badness 1194) has occurred while \output is active []



LaTeX Warning: Citation `Modules' on page 1 undefined on input line 163.


LaTeX Warning: Citation `ATL' on page 1 undefined on input line 170.

LaTeX Font Info:    Try loading font information for OT1+pcr on input line 268.

(C:\Program Files\texmf\tex\latex\psnfss\ot1pcr.fd
File: ot1pcr.fd 2001/06/04 font definitions for OT1/pcr.
) [1


]

LaTeX Warning: Citation `ATL' on page 2 undefined on input line 328.


LaTeX Warning: Reference `sec:Slang' on page 2 undefined on input line 337.

LaTeX Font Info:    Font shape `OT1/ptm/bx/n' in size <12> not available
(Font)              Font shape `OT1/ptm/b/n' tried instead on input line 342.

LaTeX Warning: Citation `spin' on page 2 undefined on input line 349.


LaTeX Warning: Citation `AGW00' on page 2 undefined on input line 358.


LaTeX Warning: Citation `VIS96' on page 2 undefined on input line 371.


LaTeX Warning: Citation `HQR98' on page 2 undefined on input line 424.


LaTeX Warning: Citation `Modules' on page 2 undefined on input line 468.


LaTeX Warning: Citation `HQR98' on page 2 undefined on input line 468.

[2]
LaTeX Font Info:    Font shape `OT1/ptm/bx/n' in size <9> not available
(Font)              Font shape `OT1/ptm/b/n' tried instead on input line 498.


LaTeX Warning: Citation `STACS00' on page 3 undefined on input line 551.


Underfull \hbox (badness 2065) in paragraph at lines 501--552
\OT1/ptm/m/sc/9 Slang \OT1/ptm/m/n/10 pro-vides ac-cess to the datatypes spe-ci
fic to
 []

[3] (2page.aux)

LaTeX Warning: There were undefined references.


LaTeX Warning: Label(s) may have changed. Rerun to get cross-references right.

 ) 
Here is how much of TeX's memory you used:
 782 strings out of 96071
 8653 string characters out of 1197129
 57106 words of memory out of 1055782
 3696 multiletter control sequences out of 35000
 15891 words of font info for 48 fonts, out of 500000 for 1000
 14 hyphenation exceptions out of 607
 25i,11n,22p,562b,494s stack positions out of 1500i,500n,5000p,200000b,32768s

Output written on 2page.dvi (3 pages, 16504 bytes).
