This file contains any messages produced by compilers while
running configure, to aid debugging if configure makes a mistake.

configure:624: checking for ar
configure:656: checking for ranlib
configure:711: checking host system type
configure:732: checking target system type
configure:750: checking build system type
configure:800: checking for gcc
configure:877: checking whether the C compiler (cc  ) works
configure:891: cc -o conftest    conftest.c  1>&5
configure:911: checking whether the C compiler (cc  ) is a cross-compiler
configure:916: checking whether we are using GNU C
configure:925: cc -E conftest.c
configure:940: checking whether cc accepts -g
configure:1004: checking for a BSD compatible install
configure:1185: checking how to run the C preprocessor
configure:1206: cc -E  conftest.c >/dev/null 2>conftest.out
configure:1246: checking for ANSI C header files
configure:1259: cc -E  conftest.c >/dev/null 2>conftest.out
configure:1326: cc -o conftest -O   conftest.c  1>&5
configure:1352: checking for sys/wait.h that is POSIX.1 compatible
configure:1373: cc -c -O  conftest.c 1>&5
configure:1399: checking for sys/file.h
configure:1409: cc -E  conftest.c >/dev/null 2>conftest.out
configure:1399: checking for sys/stat.h
configure:1409: cc -E  conftest.c >/dev/null 2>conftest.out
configure:1399: checking for unistd.h
configure:1409: cc -E  conftest.c >/dev/null 2>conftest.out
configure:1399: checking for errno.h
configure:1409: cc -E  conftest.c >/dev/null 2>conftest.out
configure:1399: checking for assert.h
configure:1409: cc -E  conftest.c >/dev/null 2>conftest.out
configure:1399: checking for sys/wait.h
configure:1399: checking for pwd.h
configure:1409: cc -E  conftest.c >/dev/null 2>conftest.out
configure:1399: checking for sys/types.h
configure:1409: cc -E  conftest.c >/dev/null 2>conftest.out
configure:1399: checking for sys/times.h
configure:1409: cc -E  conftest.c >/dev/null 2>conftest.out
configure:1399: checking for sys/time.h
configure:1409: cc -E  conftest.c >/dev/null 2>conftest.out
configure:1399: checking for sys/resource.h
configure:1409: cc -E  conftest.c >/dev/null 2>conftest.out
configure:1446: checking for stdarg.h
configure:1456: cc -E  conftest.c >/dev/null 2>conftest.out
configure:1446: checking for varargs.h
configure:1456: cc -E  conftest.c >/dev/null 2>conftest.out
configure:1490: checking for working const
configure:1544: cc -c -O  conftest.c 1>&5
configure:1569: checking size of void *
configure:1588: cc -o conftest -O   conftest.c  1>&5
configure:1609: checking size of int
configure:1628: cc -o conftest -O   conftest.c  1>&5
configure:1651: checking for +Infinity (IEEE 754 floating point)
configure:1670: cc -o conftest -O   conftest.c  1>&5
configure:1702: checking the size of the virtual memory system's page
configure:1727: cc -o conftest -O   conftest.c  1>&5
configure:1798: checking for 8-bit clean memcmp
configure:1816: cc -o conftest -O   conftest.c  1>&5
configure:1837: checking return type of signal handlers
configure:1859: cc -c -O  conftest.c 1>&5
configure:1880: checking for working strcoll
configure:1898: cc -o conftest -O   conftest.c  1>&5
configure:1924: checking for pid_t
configure:1958: checking for vfork.h
configure:1968: cc -E  conftest.c >/dev/null 2>conftest.out
configure:1964:19: vfork.h: No such file or directory
configure: failed program was:
#line 1963 "configure"
#include "confdefs.h"
#include <vfork.h>
configure:1993: checking for working vfork
configure:2143: cc -o conftest -O   conftest.c  1>&5
configure:2170: checking for sysconf
configure:2198: cc -o conftest -O   conftest.c  1>&5
configure:2170: checking for gethostname
configure:2198: cc -o conftest -O   conftest.c  1>&5
configure:2170: checking for strcspn
configure:2198: cc -o conftest -O   conftest.c  1>&5
configure:2170: checking for strerror
configure:2198: cc -o conftest -O   conftest.c  1>&5
configure:2170: checking for strspn
configure:2198: cc -o conftest -O   conftest.c  1>&5
configure:2170: checking for strstr
configure:2198: cc -o conftest -O   conftest.c  1>&5
configure:2170: checking for getenv
configure:2198: cc -o conftest -O   conftest.c  1>&5
configure:2170: checking for strchr
configure:2198: cc -o conftest -O   conftest.c  1>&5
configure:2170: checking for getrlimit
configure:2198: cc -o conftest -O   conftest.c  1>&5
configure:2170: checking for getrusage
configure:2198: cc -o conftest -O   conftest.c  1>&5
configure:2170: checking for valloc
configure:2198: cc -o conftest -O   conftest.c  1>&5
