This file contains any messages produced by compilers while
running configure, to aid debugging if configure makes a mistake.

It was created by configure, which was
generated by GNU Autoconf 2.50.  Invocation command line was

  $ ./configure 

## ---------- ##
## Platform.  ##
## ---------- ##

hostname = vitraag
uname -m = i686
uname -r = 1.5.5(0.94/3/2)
uname -s = CYGWIN_NT-5.1
uname -v = 2003-09-20 16:31

/usr/bin/uname -p = unknown
/bin/uname -X     = unknown

/bin/arch              = unknown
/usr/bin/arch -k       = unknown
/usr/convex/getsysinfo = unknown
hostinfo               = unknown
/bin/machine           = unknown
/usr/bin/oslevel       = unknown
/bin/universe          = unknown

PATH = /usr/local/bin:/usr/bin:/bin:/cygdrive/c/WINDOWS/system32:/cygdrive/c/WINDOWS:/cygdrive/c/WINDOWS/System32/Wbem:/cygdrive/c/Program Files/SSH Communications Security/SSH Secure Shell:/usr/X11R6/bin

## ------------ ##
## Core tests.  ##
## ------------ ##

configure:924: PATH=".;."; conftest.sh
conftest.sh: not found
configure:927: $? = 127
configure:1008: checking for gcc
configure:1023: found /usr/bin/gcc
configure:1031: result: gcc
configure:1275: checking for C compiler default output
configure:1278: gcc    conftest.c  >&5
configure:1281: $? = 0
configure:1304: result: a.exe
configure:1309: checking whether the C compiler works
configure:1315: ./a.exe
configure:1318: $? = 0
configure:1333: result: yes
configure:1340: checking whether we are cross compiling
configure:1342: result: no
configure:1345: checking for executable suffix
configure:1347: gcc -o conftest.exe    conftest.c  >&5
configure:1350: $? = 0
configure:1372: result: .exe
configure:1378: checking for object suffix
configure:1396: gcc -c   conftest.c >&5
configure:1399: $? = 0
configure:1418: result: o
configure:1422: checking whether we are using the GNU C compiler
configure:1443: gcc -c   conftest.c >&5
configure:1446: $? = 0
configure:1449: test -s conftest.o
configure:1452: $? = 0
configure:1464: result: yes
configure:1470: checking whether gcc accepts -g
configure:1488: gcc -c -g  conftest.c >&5
configure:1491: $? = 0
configure:1494: test -s conftest.o
configure:1497: $? = 0
configure:1507: result: yes
configure:1534: gcc -c -g -O2  conftest.c >&5
conftest.c:2: parse error before "me"
configure:1537: $? = 1
configure: failed program was:
#ifndef __cplusplus
  choke me
#endif
configure:1669: checking for a BSD compatible install
configure:1718: result: /usr/bin/install -c
configure:1738: checking build system type
configure:1756: result: i686-pc-cygwin
configure:1763: checking host system type
configure:1777: result: i686-pc-cygwin
configure:1784: checking target system type
configure:1798: result: i686-pc-cygwin
configure:1841: checking for msvc cl.exe (optional)
configure:1848: result: not found
configure:1875: checking ocaml version is at least 3.04
configure:1893: result: version is 3.06, ok
configure:1924: checking existence of related ocaml tools
configure:1930: result: ok
configure:1964: checking for Perl
configure:2021: result: found version 5.008, port cygwin
configure:2026: checking for known cygwin Perl bug in File::Spec
configure:2086: result: no bug found
configure:2098: checking for gcc version
configure:2106: checking how to run the C preprocessor
configure:2133: gcc -E  conftest.c
configure:2139: $? = 0
configure:2166: gcc -E  conftest.c
configure:2163:28: ac_nonexistent.h: No such file or directory
configure:2172: $? = 1
configure: failed program was:
#line 2162 "configure"
#include "confdefs.h"
#include <ac_nonexistent.h>
configure:2209: result: gcc -E
configure:2224: gcc -E  conftest.c
configure:2230: $? = 0
configure:2257: gcc -E  conftest.c
configure:2254:28: ac_nonexistent.h: No such file or directory
configure:2263: $? = 1
configure: failed program was:
#line 2253 "configure"
#include "confdefs.h"
#include <ac_nonexistent.h>
configure:2302: checking for ANSI C header files
configure:2316: gcc -E  conftest.c
configure:2322: $? = 0
configure:2409: gcc -o conftest.exe -g -O2   conftest.c  >&5
configure:2412: $? = 0
configure:2414: ./conftest.exe
configure:2417: $? = 0
configure:2430: result: yes
configure:2443: checking for stdlib.h
configure:2453: gcc -E  conftest.c
configure:2459: $? = 0
configure:2478: result: yes
configure:2443: checking for string.h
configure:2453: gcc -E  conftest.c
configure:2459: $? = 0
configure:2478: result: yes
configure:2443: checking for memory.h
configure:2453: gcc -E  conftest.c
configure:2459: $? = 0
configure:2478: result: yes
configure:2443: checking for strings.h
configure:2453: gcc -E  conftest.c
configure:2459: $? = 0
configure:2478: result: yes
configure:2443: checking for inttypes.h
configure:2453: gcc -E  conftest.c
configure:2459: $? = 0
configure:2478: result: yes
configure:2443: checking for unistd.h
configure:2453: gcc -E  conftest.c
configure:2459: $? = 0
configure:2478: result: yes
configure:2488: checking for __builtin_va_list
configure:2509: gcc -c -g -O2  conftest.c >&5
configure:2512: $? = 0
configure:2515: test -s conftest.o
configure:2518: $? = 0
configure:2528: result: yes
configure:2540: checking for ANSI C header files
configure:2668: result: yes
configure:2681: checking for stdlib.h
configure:2716: result: yes
configure:2681: checking for strings.h
configure:2716: result: yes
configure:2681: checking for sys/time.h
configure:2691: gcc -E  conftest.c
configure:2697: $? = 0
configure:2716: result: yes
configure:2681: checking for unistd.h
configure:2716: result: yes
configure:2681: checking for wchar.h
configure:2691: gcc -E  conftest.c
configure:2697: $? = 0
configure:2716: result: yes
configure:2727: checking for gcc option to accept ANSI C
configure:2784: gcc  -c -g -O2  conftest.c >&5
configure:2787: $? = 0
configure:2790: test -s conftest.o
configure:2793: $? = 0
configure:2810: result: none needed
configure:2818: checking for an ANSI C-conforming const
configure:2882: gcc -c -g -O2  conftest.c >&5
configure:2885: $? = 0
configure:2888: test -s conftest.o
configure:2891: $? = 0
configure:2901: result: yes
configure:2911: checking for inline
configure:2928: gcc -c -g -O2  conftest.c >&5
configure:2931: $? = 0
configure:2934: test -s conftest.o
configure:2937: $? = 0
configure:2948: result: inline
configure:2963: checking whether time.h and sys/time.h may both be included
configure:2984: gcc -c -g -O2  conftest.c >&5
configure:2987: $? = 0
configure:2990: test -s conftest.o
configure:2993: $? = 0
configure:3003: result: yes
configure:3014: checking for working memcmp
configure:3059: gcc -o conftest.exe -g -O2   conftest.c  >&5
configure:3062: $? = 0
configure:3064: ./conftest.exe
configure:3067: $? = 0
configure:3079: result: yes
configure:3086: checking for mkdir
configure:3123: gcc -o conftest.exe -g -O2   conftest.c  >&5
configure:3126: $? = 0
configure:3129: test -s conftest.exe
configure:3132: $? = 0
configure:3142: result: yes
configure:3086: checking for select
configure:3123: gcc -o conftest.exe -g -O2   conftest.c  >&5
configure:3126: $? = 0
configure:3129: test -s conftest.exe
configure:3132: $? = 0
configure:3142: result: yes
configure:3086: checking for socket
configure:3123: gcc -o conftest.exe -g -O2   conftest.c  >&5
configure:3126: $? = 0
configure:3129: test -s conftest.exe
configure:3132: $? = 0
configure:3142: result: yes
configure:3086: checking for __sysv_signal
configure:3123: gcc -o conftest.exe -g -O2   conftest.c  >&5
/cygdrive/c/DOCUME~1/vaibhav/LOCALS~1/Temp/cc4TqKlt.o(.text+0x16): In function `main':
/home/vaibhav/cil/configure:3114: undefined reference to `___sysv_signal'
collect2: ld returned 1 exit status
configure:3126: $? = 1
configure: failed program was:
#line 3092 "configure"
#include "confdefs.h"
/* System header to define __stub macros and hopefully few prototypes,
    which can conflict with char __sysv_signal (); below.  */
#include <assert.h>
/* Override any gcc2 internal prototype to avoid an error.  */
#ifdef __cplusplus
extern "C"
#endif
/* We use char because int might match the return type of a gcc2
   builtin and then its argument prototype would still apply.  */
char __sysv_signal ();
char (*f) ();

int
main ()
{
/* The GNU C library defines this for functions which it implements
    to always fail with ENOSYS.  Some functions are actually named
    something starting with __ and the normal name is an alias.  */
#if defined (__stub___sysv_signal) || defined (__stub_____sysv_signal)
choke me
#else
f = __sysv_signal;
#endif

  ;
  return 0;
}
configure:3142: result: no
configure:3173: result: configuring for Cygwin on win32/x86
configure:3240: checking whether to use CIL feature blockinggraph
configure:3247: result: no
configure:3240: checking whether to use CIL feature rand
configure:3247: result: no
configure:3455: creating ./config.status

## ----------------------- ##
## Running config.status.  ##
## ----------------------- ##

This file was extended by config.status 2.50, executed with
  > ./config.status 
on vitraag

config.status:3914: creating cil.spec
config.status:3914: creating Makefile.cil
config.status:3914: creating bin/cilly.bat
config.status:3914: creating bin/patcher.bat
config.status:3914: creating bin/CilConfig.pm
config.status:4020: creating config.h
config.status:4161: config.h is unchanged

## ----------------- ##
## Cache variables.  ##
## ----------------- ##

ac_cv_func_select='yes'
ac_cv_header_stdlib_h='yes'
ac_cv_header_sys_time_h='yes'
ac_cv_prog_cc_g='yes'
ac_cv_env_LDFLAGS_set=''
ac_cv_path_install='/usr/bin/install -c'
ac_cv_c_compiler_gnu='yes'
ac_cv_exeext='.exe'
ac_cv_env_CFLAGS_set=''
ac_cv_func_memcmp_working='yes'
ac_cv_env_CPP_value=''
ac_cv_env_CPPFLAGS_set=''
ac_cv_header_wchar_h='yes'
ac_cv_func_socket='yes'
ac_cv_type___builtin_va_list='yes'
ac_cv_env_host_alias_set=''
ac_cv_func___sysv_signal='no'
ac_cv_c_const='yes'
ac_cv_func_mkdir='yes'
ac_cv_env_build_alias_set=''
ac_cv_env_LDFLAGS_value=''
ac_cv_env_target_alias_set=''
ac_cv_prog_cc_stdc=''
ac_cv_host_alias='i686-pc-cygwin'
ac_cv_env_CFLAGS_value=''
ac_cv_env_CC_set=''
ac_cv_header_stdc='yes'
ac_cv_header_time='yes'
ac_cv_header_strings_h='yes'
ac_cv_header_inttypes_h='yes'
ac_cv_c_inline='inline'
ac_cv_header_unistd_h='yes'
ac_cv_header_string_h='yes'
ac_cv_build_alias='i686-pc-cygwin'
ac_cv_env_CPPFLAGS_value=''
ac_cv_header_memory_h='yes'
ac_cv_target_alias='i686-pc-cygwin'
ac_cv_host='i686-pc-cygwin'
ac_cv_env_host_alias_value=''
ac_cv_prog_CPP='gcc -E'
ac_cv_build='i686-pc-cygwin'
ac_cv_env_build_alias_value=''
ac_cv_prog_ac_ct_CC='gcc'
ac_cv_target='i686-pc-cygwin'
ac_cv_env_target_alias_value=''
ac_cv_env_CC_value=''
ac_cv_env_CPP_set=''
ac_cv_objext='o'

## ------------ ##
## confdefs.h.  ##
## ------------ ##

#define STDC_HEADERS 1
#define HAVE_STDLIB_H 1
#define HAVE_STRING_H 1
#define HAVE_MEMORY_H 1
#define HAVE_STRINGS_H 1
#define HAVE_INTTYPES_H 1
#define HAVE_UNISTD_H 1
#define STDC_HEADERS 1
#define HAVE_STDLIB_H 1
#define HAVE_STRINGS_H 1
#define HAVE_SYS_TIME_H 1
#define HAVE_UNISTD_H 1
#define HAVE_WCHAR_H 1
#define TIME_WITH_SYS_TIME 1
#define HAVE_MKDIR 1
#define HAVE_SELECT 1
#define HAVE_SOCKET 1


configure: exit 0
